CRITICAL - 2023-01-31 09:00:21 --> syntax error, unexpected token "if"
in APPPATH\Config\Routes.php on line 49.
 1 SYSTEMPATH\CodeIgniter.php(802): CodeIgniter\Router\RouteCollection->loadRoutes()
 2 SYSTEMPATH\CodeIgniter.php(449): CodeIgniter\CodeIgniter->tryToRouteIt(null)
 3 SYSTEMPATH\CodeIgniter.php(368): CodeIgniter\CodeIgniter->handleRequest(null, Object(Config\Cache), false)
 4 FCPATH\index.php(67): CodeIgniter\CodeIgniter->run()
 5 SYSTEMPATH\Commands\Server\rewrite.php(47): require_once('FCPATH\\index.php')
CRITICAL - 2023-01-31 09:00:46 --> Undefined property: App\Controllers\c_Mahasiswa::$mahasiswa
in APPPATH\Controllers\c_Mahasiswa.php on line 17.
 1 APPPATH\Controllers\c_Mahasiswa.php(17): CodeIgniter\Debug\Exceptions->errorHandler(2, 'Undefined property: App\\Controllers\\c_Mahasiswa::$mahasiswa', 'APPPATH\\Controllers\\c_Mahasiswa.php', 17)
 2 SYSTEMPATH\CodeIgniter.php(934): App\Controllers\c_Mahasiswa->display()
 3 SYSTEMPATH\CodeIgniter.php(499): CodeIgniter\CodeIgniter->runController(Object(App\Controllers\c_Mahasiswa))
 4 SYSTEMPATH\CodeIgniter.php(368): CodeIgniter\CodeIgniter->handleRequest(null, Object(Config\Cache), false)
 5 FCPATH\index.php(67): CodeIgniter\CodeIgniter->run()
 6 SYSTEMPATH\Commands\Server\rewrite.php(47): require_once('FCPATH\\index.php')
CRITICAL - 2023-01-31 09:01:39 --> Call to a member function findAll() on null
in APPPATH\Controllers\c_Mahasiswa.php on line 18.
 1 SYSTEMPATH\CodeIgniter.php(934): App\Controllers\c_Mahasiswa->display()
 2 SYSTEMPATH\CodeIgniter.php(499): CodeIgniter\CodeIgniter->runController(Object(App\Controllers\c_Mahasiswa))
 3 SYSTEMPATH\CodeIgniter.php(368): CodeIgniter\CodeIgniter->handleRequest(null, Object(Config\Cache), false)
 4 FCPATH\index.php(67): CodeIgniter\CodeIgniter->run()
 5 SYSTEMPATH\Commands\Server\rewrite.php(47): require_once('FCPATH\\index.php')
CRITICAL - 2023-01-31 09:03:08 --> Call to a member function findAll() on null
in APPPATH\Controllers\c_Mahasiswa.php on line 18.
 1 SYSTEMPATH\CodeIgniter.php(934): App\Controllers\c_Mahasiswa->display()
 2 SYSTEMPATH\CodeIgniter.php(499): CodeIgniter\CodeIgniter->runController(Object(App\Controllers\c_Mahasiswa))
 3 SYSTEMPATH\CodeIgniter.php(368): CodeIgniter\CodeIgniter->handleRequest(null, Object(Config\Cache), false)
 4 FCPATH\index.php(67): CodeIgniter\CodeIgniter->run()
 5 SYSTEMPATH\Commands\Server\rewrite.php(47): require_once('FCPATH\\index.php')
CRITICAL - 2023-01-31 09:03:11 --> Call to a member function findAll() on null
in APPPATH\Controllers\c_Mahasiswa.php on line 18.
 1 SYSTEMPATH\CodeIgniter.php(934): App\Controllers\c_Mahasiswa->display()
 2 SYSTEMPATH\CodeIgniter.php(499): CodeIgniter\CodeIgniter->runController(Object(App\Controllers\c_Mahasiswa))
 3 SYSTEMPATH\CodeIgniter.php(368): CodeIgniter\CodeIgniter->handleRequest(null, Object(Config\Cache), false)
 4 FCPATH\index.php(67): CodeIgniter\CodeIgniter->run()
 5 SYSTEMPATH\Commands\Server\rewrite.php(47): require_once('FCPATH\\index.php')
