CRITICAL - 2023-02-07 01:45:24 --> Call to undefined function set_value()
in APPPATH\Views\v_inputMahasiswa.php on line 13.
 1 SYSTEMPATH\View\View.php(213): include()
 2 SYSTEMPATH\View\View.php(216): CodeIgniter\View\View->CodeIgniter\View\{closure}()
 3 SYSTEMPATH\Common.php(1177): CodeIgniter\View\View->render('v_inputMahasiswa', [], true)
 4 APPPATH\Controllers\c_Mahasiswa.php(25): view('v_inputMahasiswa')
 5 SYSTEMPATH\CodeIgniter.php(934): App\Controllers\c_Mahasiswa->tambah()
 6 SYSTEMPATH\CodeIgniter.php(499): CodeIgniter\CodeIgniter->runController(Object(App\Controllers\c_Mahasiswa))
 7 SYSTEMPATH\CodeIgniter.php(368): CodeIgniter\CodeIgniter->handleRequest(null, Object(Config\Cache), false)
 8 FCPATH\index.php(67): CodeIgniter\CodeIgniter->run()
 9 SYSTEMPATH\Commands\Server\rewrite.php(47): require_once('FCPATH\\index.php')
CRITICAL - 2023-02-07 01:45:50 --> Call to undefined function set_value()
in APPPATH\Views\v_inputMahasiswa.php on line 13.
 1 SYSTEMPATH\View\View.php(213): include()
 2 SYSTEMPATH\View\View.php(216): CodeIgniter\View\View->CodeIgniter\View\{closure}()
 3 SYSTEMPATH\Common.php(1177): CodeIgniter\View\View->render('v_inputMahasiswa', [], true)
 4 APPPATH\Controllers\c_Mahasiswa.php(25): view('v_inputMahasiswa')
 5 SYSTEMPATH\CodeIgniter.php(934): App\Controllers\c_Mahasiswa->tambah()
 6 SYSTEMPATH\CodeIgniter.php(499): CodeIgniter\CodeIgniter->runController(Object(App\Controllers\c_Mahasiswa))
 7 SYSTEMPATH\CodeIgniter.php(368): CodeIgniter\CodeIgniter->handleRequest(null, Object(Config\Cache), false)
 8 FCPATH\index.php(67): CodeIgniter\CodeIgniter->run()
 9 SYSTEMPATH\Commands\Server\rewrite.php(47): require_once('FCPATH\\index.php')
CRITICAL - 2023-02-07 01:46:15 --> Call to undefined function set_value()
in APPPATH\Views\v_inputMahasiswa.php on line 13.
 1 SYSTEMPATH\View\View.php(213): include()
 2 SYSTEMPATH\View\View.php(216): CodeIgniter\View\View->CodeIgniter\View\{closure}()
 3 SYSTEMPATH\Common.php(1177): CodeIgniter\View\View->render('v_inputMahasiswa', [], true)
 4 APPPATH\Controllers\c_Mahasiswa.php(25): view('v_inputMahasiswa')
 5 SYSTEMPATH\CodeIgniter.php(934): App\Controllers\c_Mahasiswa->tambah()
 6 SYSTEMPATH\CodeIgniter.php(499): CodeIgniter\CodeIgniter->runController(Object(App\Controllers\c_Mahasiswa))
 7 SYSTEMPATH\CodeIgniter.php(368): CodeIgniter\CodeIgniter->handleRequest(null, Object(Config\Cache), false)
 8 FCPATH\index.php(67): CodeIgniter\CodeIgniter->run()
 9 SYSTEMPATH\Commands\Server\rewrite.php(47): require_once('FCPATH\\index.php')
CRITICAL - 2023-02-07 01:47:17 --> Call to undefined function set_value()
in APPPATH\Views\v_inputMahasiswa.php on line 13.
 1 SYSTEMPATH\View\View.php(213): include()
 2 SYSTEMPATH\View\View.php(216): CodeIgniter\View\View->CodeIgniter\View\{closure}()
 3 SYSTEMPATH\Common.php(1177): CodeIgniter\View\View->render('v_inputMahasiswa', [], true)
 4 APPPATH\Controllers\c_Mahasiswa.php(25): view('v_inputMahasiswa')
 5 SYSTEMPATH\CodeIgniter.php(934): App\Controllers\c_Mahasiswa->tambah()
 6 SYSTEMPATH\CodeIgniter.php(499): CodeIgniter\CodeIgniter->runController(Object(App\Controllers\c_Mahasiswa))
 7 SYSTEMPATH\CodeIgniter.php(368): CodeIgniter\CodeIgniter->handleRequest(null, Object(Config\Cache), false)
 8 FCPATH\index.php(67): CodeIgniter\CodeIgniter->run()
 9 SYSTEMPATH\Commands\Server\rewrite.php(47): require_once('FCPATH\\index.php')
CRITICAL - 2023-02-07 01:51:33 --> Call to undefined function set_value()
in APPPATH\Views\v_inputMahasiswa.php on line 13.
 1 SYSTEMPATH\View\View.php(213): include()
 2 SYSTEMPATH\View\View.php(216): CodeIgniter\View\View->CodeIgniter\View\{closure}()
 3 SYSTEMPATH\Common.php(1177): CodeIgniter\View\View->render('v_inputMahasiswa', [], true)
 4 APPPATH\Controllers\c_Mahasiswa.php(25): view('v_inputMahasiswa')
 5 SYSTEMPATH\CodeIgniter.php(934): App\Controllers\c_Mahasiswa->tambah()
 6 SYSTEMPATH\CodeIgniter.php(499): CodeIgniter\CodeIgniter->runController(Object(App\Controllers\c_Mahasiswa))
 7 SYSTEMPATH\CodeIgniter.php(368): CodeIgniter\CodeIgniter->handleRequest(null, Object(Config\Cache), false)
 8 FCPATH\index.php(67): CodeIgniter\CodeIgniter->run()
 9 SYSTEMPATH\Commands\Server\rewrite.php(47): require_once('FCPATH\\index.php')
CRITICAL - 2023-02-07 01:51:43 --> Call to undefined function set_value()
in APPPATH\Views\v_inputMahasiswa.php on line 13.
 1 SYSTEMPATH\View\View.php(213): include()
 2 SYSTEMPATH\View\View.php(216): CodeIgniter\View\View->CodeIgniter\View\{closure}()
 3 SYSTEMPATH\Common.php(1177): CodeIgniter\View\View->render('v_inputMahasiswa', [], true)
 4 APPPATH\Controllers\c_Mahasiswa.php(25): view('v_inputMahasiswa')
 5 SYSTEMPATH\CodeIgniter.php(934): App\Controllers\c_Mahasiswa->tambah()
 6 SYSTEMPATH\CodeIgniter.php(499): CodeIgniter\CodeIgniter->runController(Object(App\Controllers\c_Mahasiswa))
 7 SYSTEMPATH\CodeIgniter.php(368): CodeIgniter\CodeIgniter->handleRequest(null, Object(Config\Cache), false)
 8 FCPATH\index.php(67): CodeIgniter\CodeIgniter->run()
 9 SYSTEMPATH\Commands\Server\rewrite.php(47): require_once('FCPATH\\index.php')
CRITICAL - 2023-02-07 01:52:35 --> Call to undefined function set_value()
in APPPATH\Views\v_inputMahasiswa.php on line 13.
 1 SYSTEMPATH\View\View.php(213): include()
 2 SYSTEMPATH\View\View.php(216): CodeIgniter\View\View->CodeIgniter\View\{closure}()
 3 SYSTEMPATH\Common.php(1177): CodeIgniter\View\View->render('v_inputMahasiswa', [], true)
 4 APPPATH\Controllers\c_Mahasiswa.php(25): view('v_inputMahasiswa')
 5 SYSTEMPATH\CodeIgniter.php(934): App\Controllers\c_Mahasiswa->tambah()
 6 SYSTEMPATH\CodeIgniter.php(499): CodeIgniter\CodeIgniter->runController(Object(App\Controllers\c_Mahasiswa))
 7 SYSTEMPATH\CodeIgniter.php(368): CodeIgniter\CodeIgniter->handleRequest(null, Object(Config\Cache), false)
 8 FCPATH\index.php(67): CodeIgniter\CodeIgniter->run()
 9 SYSTEMPATH\Commands\Server\rewrite.php(47): require_once('FCPATH\\index.php')
CRITICAL - 2023-02-07 01:57:23 --> Call to undefined function set_value()
in APPPATH\Views\v_inputMahasiswa.php on line 13.
 1 SYSTEMPATH\View\View.php(213): include()
 2 SYSTEMPATH\View\View.php(216): CodeIgniter\View\View->CodeIgniter\View\{closure}()
 3 SYSTEMPATH\Common.php(1177): CodeIgniter\View\View->render('v_inputMahasiswa', [], true)
 4 APPPATH\Controllers\c_Mahasiswa.php(25): view('v_inputMahasiswa')
 5 SYSTEMPATH\CodeIgniter.php(934): App\Controllers\c_Mahasiswa->tambah()
 6 SYSTEMPATH\CodeIgniter.php(499): CodeIgniter\CodeIgniter->runController(Object(App\Controllers\c_Mahasiswa))
 7 SYSTEMPATH\CodeIgniter.php(368): CodeIgniter\CodeIgniter->handleRequest(null, Object(Config\Cache), false)
 8 FCPATH\index.php(67): CodeIgniter\CodeIgniter->run()
 9 SYSTEMPATH\Commands\Server\rewrite.php(47): require_once('FCPATH\\index.php')
CRITICAL - 2023-02-07 01:59:43 --> Call to undefined function set_value()
in APPPATH\Views\v_inputMahasiswa.php on line 13.
 1 SYSTEMPATH\View\View.php(213): include()
 2 SYSTEMPATH\View\View.php(216): CodeIgniter\View\View->CodeIgniter\View\{closure}()
 3 SYSTEMPATH\Common.php(1177): CodeIgniter\View\View->render('v_inputMahasiswa', [], true)
 4 APPPATH\Controllers\c_Mahasiswa.php(28): view('v_inputMahasiswa')
 5 SYSTEMPATH\CodeIgniter.php(934): App\Controllers\c_Mahasiswa->tambah()
 6 SYSTEMPATH\CodeIgniter.php(499): CodeIgniter\CodeIgniter->runController(Object(App\Controllers\c_Mahasiswa))
 7 SYSTEMPATH\CodeIgniter.php(368): CodeIgniter\CodeIgniter->handleRequest(null, Object(Config\Cache), false)
 8 FCPATH\index.php(67): CodeIgniter\CodeIgniter->run()
 9 SYSTEMPATH\Commands\Server\rewrite.php(47): require_once('FCPATH\\index.php')
CRITICAL - 2023-02-07 02:02:58 --> Undefined variable $data
in APPPATH\Models\m_Mahasiswa.php on line 21.
 1 APPPATH\Models\m_Mahasiswa.php(21): CodeIgniter\Debug\Exceptions->errorHandler(2, 'Undefined variable $data', 'APPPATH\\Models\\m_Mahasiswa.php', 21)
 2 APPPATH\Controllers\c_Mahasiswa.php(39): App\Models\m_Mahasiswa->simpanData([...])
 3 SYSTEMPATH\CodeIgniter.php(934): App\Controllers\c_Mahasiswa->simpan()
 4 SYSTEMPATH\CodeIgniter.php(499): CodeIgniter\CodeIgniter->runController(Object(App\Controllers\c_Mahasiswa))
 5 SYSTEMPATH\CodeIgniter.php(368): CodeIgniter\CodeIgniter->handleRequest(null, Object(Config\Cache), false)
 6 FCPATH\index.php(67): CodeIgniter\CodeIgniter->run()
 7 SYSTEMPATH\Commands\Server\rewrite.php(47): require_once('FCPATH\\index.php')
ERROR - 2023-02-07 02:04:27 --> mysqli_sql_exception: You have an error in your SQL syntax; check the manual that corresponds to your MariaDB server version for the right syntax to use near ''mahasiswa' ('NIM', 'Nama', 'Umur') VALUES ('NIM', 'Nama', 'Umur')' at line 1 in C:\xampp\htdocs\PPL\Pertemuan3\Hello\system\Database\MySQLi\Connection.php:295
Stack trace:
#0 C:\xampp\htdocs\PPL\Pertemuan3\Hello\system\Database\MySQLi\Connection.php(295): mysqli->query('INSERT INTO 'ma...', 0)
#1 C:\xampp\htdocs\PPL\Pertemuan3\Hello\system\Database\BaseConnection.php(691): CodeIgniter\Database\MySQLi\Connection->execute('INSERT INTO 'ma...')
#2 C:\xampp\htdocs\PPL\Pertemuan3\Hello\system\Database\BaseConnection.php(605): CodeIgniter\Database\BaseConnection->simpleQuery('INSERT INTO 'ma...')
#3 C:\xampp\htdocs\PPL\Pertemuan3\Hello\app\Models\m_Mahasiswa.php(21): CodeIgniter\Database\BaseConnection->query('INSERT INTO 'ma...')
#4 C:\xampp\htdocs\PPL\Pertemuan3\Hello\app\Controllers\c_Mahasiswa.php(39): App\Models\m_Mahasiswa->simpanData(Array)
#5 C:\xampp\htdocs\PPL\Pertemuan3\Hello\system\CodeIgniter.php(934): App\Controllers\c_Mahasiswa->simpan()
#6 C:\xampp\htdocs\PPL\Pertemuan3\Hello\system\CodeIgniter.php(499): CodeIgniter\CodeIgniter->runController(Object(App\Controllers\c_Mahasiswa))
#7 C:\xampp\htdocs\PPL\Pertemuan3\Hello\system\CodeIgniter.php(368): CodeIgniter\CodeIgniter->handleRequest(NULL, Object(Config\Cache), false)
#8 C:\xampp\htdocs\PPL\Pertemuan3\Hello\public\index.php(67): CodeIgniter\CodeIgniter->run()
#9 C:\xampp\htdocs\PPL\Pertemuan3\Hello\system\Commands\Server\rewrite.php(47): require_once('C:\\xampp\\htdocs...')
#10 {main}
CRITICAL - 2023-02-07 02:04:27 --> You have an error in your SQL syntax; check the manual that corresponds to your MariaDB server version for the right syntax to use near ''mahasiswa' ('NIM', 'Nama', 'Umur') VALUES ('NIM', 'Nama', 'Umur')' at line 1
in SYSTEMPATH\Database\BaseConnection.php on line 645.
 1 APPPATH\Models\m_Mahasiswa.php(21): CodeIgniter\Database\BaseConnection->query('INSERT INTO \'mahasiswa\' (\'NIM\', \'Nama\', \'Umur\') VALUES (\'NIM\', \'Nama\', \'Umur\')')
 2 APPPATH\Controllers\c_Mahasiswa.php(39): App\Models\m_Mahasiswa->simpanData([...])
 3 SYSTEMPATH\CodeIgniter.php(934): App\Controllers\c_Mahasiswa->simpan()
 4 SYSTEMPATH\CodeIgniter.php(499): CodeIgniter\CodeIgniter->runController(Object(App\Controllers\c_Mahasiswa))
 5 SYSTEMPATH\CodeIgniter.php(368): CodeIgniter\CodeIgniter->handleRequest(null, Object(Config\Cache), false)
 6 FCPATH\index.php(67): CodeIgniter\CodeIgniter->run()
 7 SYSTEMPATH\Commands\Server\rewrite.php(47): require_once('FCPATH\\index.php')
ERROR - 2023-02-07 02:05:48 --> mysqli_sql_exception: You have an error in your SQL syntax; check the manual that corresponds to your MariaDB server version for the right syntax to use near ''mahasiswa' ('NIM', 'Nama', 'Umur') VALUES ('[NIM]', '[Nama]', '[Umur]')' at line 1 in C:\xampp\htdocs\PPL\Pertemuan3\Hello\system\Database\MySQLi\Connection.php:295
Stack trace:
#0 C:\xampp\htdocs\PPL\Pertemuan3\Hello\system\Database\MySQLi\Connection.php(295): mysqli->query('INSERT INTO 'ma...', 0)
#1 C:\xampp\htdocs\PPL\Pertemuan3\Hello\system\Database\BaseConnection.php(691): CodeIgniter\Database\MySQLi\Connection->execute('INSERT INTO 'ma...')
#2 C:\xampp\htdocs\PPL\Pertemuan3\Hello\system\Database\BaseConnection.php(605): CodeIgniter\Database\BaseConnection->simpleQuery('INSERT INTO 'ma...')
#3 C:\xampp\htdocs\PPL\Pertemuan3\Hello\app\Models\m_Mahasiswa.php(21): CodeIgniter\Database\BaseConnection->query('INSERT INTO 'ma...')
#4 C:\xampp\htdocs\PPL\Pertemuan3\Hello\app\Controllers\c_Mahasiswa.php(39): App\Models\m_Mahasiswa->simpanData(Array)
#5 C:\xampp\htdocs\PPL\Pertemuan3\Hello\system\CodeIgniter.php(934): App\Controllers\c_Mahasiswa->simpan()
#6 C:\xampp\htdocs\PPL\Pertemuan3\Hello\system\CodeIgniter.php(499): CodeIgniter\CodeIgniter->runController(Object(App\Controllers\c_Mahasiswa))
#7 C:\xampp\htdocs\PPL\Pertemuan3\Hello\system\CodeIgniter.php(368): CodeIgniter\CodeIgniter->handleRequest(NULL, Object(Config\Cache), false)
#8 C:\xampp\htdocs\PPL\Pertemuan3\Hello\public\index.php(67): CodeIgniter\CodeIgniter->run()
#9 C:\xampp\htdocs\PPL\Pertemuan3\Hello\system\Commands\Server\rewrite.php(47): require_once('C:\\xampp\\htdocs...')
#10 {main}
CRITICAL - 2023-02-07 02:05:48 --> You have an error in your SQL syntax; check the manual that corresponds to your MariaDB server version for the right syntax to use near ''mahasiswa' ('NIM', 'Nama', 'Umur') VALUES ('[NIM]', '[Nama]', '[Umur]')' at line 1
in SYSTEMPATH\Database\BaseConnection.php on line 645.
 1 APPPATH\Models\m_Mahasiswa.php(21): CodeIgniter\Database\BaseConnection->query('INSERT INTO \'mahasiswa\' (\'NIM\', \'Nama\', \'Umur\') VALUES (\'[NIM]\', \'[Nama]\', \'[Umur]\')')
 2 APPPATH\Controllers\c_Mahasiswa.php(39): App\Models\m_Mahasiswa->simpanData([...])
 3 SYSTEMPATH\CodeIgniter.php(934): App\Controllers\c_Mahasiswa->simpan()
 4 SYSTEMPATH\CodeIgniter.php(499): CodeIgniter\CodeIgniter->runController(Object(App\Controllers\c_Mahasiswa))
 5 SYSTEMPATH\CodeIgniter.php(368): CodeIgniter\CodeIgniter->handleRequest(null, Object(Config\Cache), false)
 6 FCPATH\index.php(67): CodeIgniter\CodeIgniter->run()
 7 SYSTEMPATH\Commands\Server\rewrite.php(47): require_once('FCPATH\\index.php')
ERROR - 2023-02-07 02:08:01 --> mysqli_sql_exception: You have an error in your SQL syntax; check the manual that corresponds to your MariaDB server version for the right syntax to use near ''mahasiswa' ('NIM', 'Nama', 'Umur') VALUES ('[NIM]', '[Nama]', '[Umur]')' at line 1 in C:\xampp\htdocs\PPL\Pertemuan3\Hello\system\Database\MySQLi\Connection.php:295
Stack trace:
#0 C:\xampp\htdocs\PPL\Pertemuan3\Hello\system\Database\MySQLi\Connection.php(295): mysqli->query('INSERT INTO 'ma...', 0)
#1 C:\xampp\htdocs\PPL\Pertemuan3\Hello\system\Database\BaseConnection.php(691): CodeIgniter\Database\MySQLi\Connection->execute('INSERT INTO 'ma...')
#2 C:\xampp\htdocs\PPL\Pertemuan3\Hello\system\Database\BaseConnection.php(605): CodeIgniter\Database\BaseConnection->simpleQuery('INSERT INTO 'ma...')
#3 C:\xampp\htdocs\PPL\Pertemuan3\Hello\app\Models\m_Mahasiswa.php(21): CodeIgniter\Database\BaseConnection->query('INSERT INTO 'ma...')
#4 C:\xampp\htdocs\PPL\Pertemuan3\Hello\app\Controllers\c_Mahasiswa.php(39): App\Models\m_Mahasiswa->simpanData(Array)
#5 C:\xampp\htdocs\PPL\Pertemuan3\Hello\system\CodeIgniter.php(934): App\Controllers\c_Mahasiswa->simpan()
#6 C:\xampp\htdocs\PPL\Pertemuan3\Hello\system\CodeIgniter.php(499): CodeIgniter\CodeIgniter->runController(Object(App\Controllers\c_Mahasiswa))
#7 C:\xampp\htdocs\PPL\Pertemuan3\Hello\system\CodeIgniter.php(368): CodeIgniter\CodeIgniter->handleRequest(NULL, Object(Config\Cache), false)
#8 C:\xampp\htdocs\PPL\Pertemuan3\Hello\public\index.php(67): CodeIgniter\CodeIgniter->run()
#9 C:\xampp\htdocs\PPL\Pertemuan3\Hello\system\Commands\Server\rewrite.php(47): require_once('C:\\xampp\\htdocs...')
#10 {main}
CRITICAL - 2023-02-07 02:08:01 --> You have an error in your SQL syntax; check the manual that corresponds to your MariaDB server version for the right syntax to use near ''mahasiswa' ('NIM', 'Nama', 'Umur') VALUES ('[NIM]', '[Nama]', '[Umur]')' at line 1
in SYSTEMPATH\Database\BaseConnection.php on line 645.
 1 APPPATH\Models\m_Mahasiswa.php(21): CodeIgniter\Database\BaseConnection->query('INSERT INTO \'mahasiswa\' (\'NIM\', \'Nama\', \'Umur\') VALUES (\'[NIM]\', \'[Nama]\', \'[Umur]\')')
 2 APPPATH\Controllers\c_Mahasiswa.php(39): App\Models\m_Mahasiswa->simpanData([...])
 3 SYSTEMPATH\CodeIgniter.php(934): App\Controllers\c_Mahasiswa->simpan()
 4 SYSTEMPATH\CodeIgniter.php(499): CodeIgniter\CodeIgniter->runController(Object(App\Controllers\c_Mahasiswa))
 5 SYSTEMPATH\CodeIgniter.php(368): CodeIgniter\CodeIgniter->handleRequest(null, Object(Config\Cache), false)
 6 FCPATH\index.php(67): CodeIgniter\CodeIgniter->run()
 7 SYSTEMPATH\Commands\Server\rewrite.php(47): require_once('FCPATH\\index.php')
CRITICAL - 2023-02-07 02:16:16 --> Call to undefined function set_value()
in APPPATH\Views\v_inputMahasiswa.php on line 13.
 1 SYSTEMPATH\View\View.php(213): include()
 2 SYSTEMPATH\View\View.php(216): CodeIgniter\View\View->CodeIgniter\View\{closure}()
 3 SYSTEMPATH\Common.php(1177): CodeIgniter\View\View->render('v_inputMahasiswa', [], true)
 4 APPPATH\Controllers\c_Mahasiswa.php(28): view('v_inputMahasiswa')
 5 SYSTEMPATH\CodeIgniter.php(934): App\Controllers\c_Mahasiswa->tambah()
 6 SYSTEMPATH\CodeIgniter.php(499): CodeIgniter\CodeIgniter->runController(Object(App\Controllers\c_Mahasiswa))
 7 SYSTEMPATH\CodeIgniter.php(368): CodeIgniter\CodeIgniter->handleRequest(null, Object(Config\Cache), false)
 8 FCPATH\index.php(67): CodeIgniter\CodeIgniter->run()
 9 SYSTEMPATH\Commands\Server\rewrite.php(47): require_once('FCPATH\\index.php')
CRITICAL - 2023-02-07 02:20:29 --> Undefined property: App\Controllers\c_Mahasiswa::$load
in APPPATH\Controllers\c_Mahasiswa.php on line 15.
 1 APPPATH\Controllers\c_Mahasiswa.php(15): CodeIgniter\Debug\Exceptions->errorHandler(2, 'Undefined property: App\\Controllers\\c_Mahasiswa::$load', 'APPPATH\\Controllers\\c_Mahasiswa.php', 15)
 2 SYSTEMPATH\CodeIgniter.php(906): App\Controllers\c_Mahasiswa->__construct()
 3 SYSTEMPATH\CodeIgniter.php(490): CodeIgniter\CodeIgniter->createController()
 4 SYSTEMPATH\CodeIgniter.php(368): CodeIgniter\CodeIgniter->handleRequest(null, Object(Config\Cache), false)
 5 FCPATH\index.php(67): CodeIgniter\CodeIgniter->run()
 6 SYSTEMPATH\Commands\Server\rewrite.php(47): require_once('FCPATH\\index.php')
CRITICAL - 2023-02-07 02:25:14 --> Call to undefined function set_value()
in APPPATH\Views\v_inputMahasiswa.php on line 13.
 1 SYSTEMPATH\View\View.php(213): include()
 2 SYSTEMPATH\View\View.php(216): CodeIgniter\View\View->CodeIgniter\View\{closure}()
 3 SYSTEMPATH\Common.php(1177): CodeIgniter\View\View->render('v_inputMahasiswa', [], true)
 4 APPPATH\Controllers\c_Mahasiswa.php(28): view('v_inputMahasiswa')
 5 SYSTEMPATH\CodeIgniter.php(934): App\Controllers\c_Mahasiswa->tambah()
 6 SYSTEMPATH\CodeIgniter.php(499): CodeIgniter\CodeIgniter->runController(Object(App\Controllers\c_Mahasiswa))
 7 SYSTEMPATH\CodeIgniter.php(368): CodeIgniter\CodeIgniter->handleRequest(null, Object(Config\Cache), false)
 8 FCPATH\index.php(67): CodeIgniter\CodeIgniter->run()
 9 SYSTEMPATH\Commands\Server\rewrite.php(47): require_once('FCPATH\\index.php')
ERROR - 2023-02-07 03:51:41 --> Error connecting to the database: mysqli_sql_exception: No connection could be made because the target machine actively refused it in C:\xampp\htdocs\PPL\Pertemuan3\Hello\system\Database\MySQLi\Connection.php:174
Stack trace:
#0 C:\xampp\htdocs\PPL\Pertemuan3\Hello\system\Database\MySQLi\Connection.php(174): mysqli->real_connect('localhost', 'root', '', 'akademik', 3306, '', 0)
#1 C:\xampp\htdocs\PPL\Pertemuan3\Hello\system\Database\BaseConnection.php(391): CodeIgniter\Database\MySQLi\Connection->connect(false)
#2 C:\xampp\htdocs\PPL\Pertemuan3\Hello\system\Database\BaseConnection.php(573): CodeIgniter\Database\BaseConnection->initialize()
#3 C:\xampp\htdocs\PPL\Pertemuan3\Hello\app\Models\m_Mahasiswa.php(22): CodeIgniter\Database\BaseConnection->query('SELECT * FROM m...')
#4 C:\xampp\htdocs\PPL\Pertemuan3\Hello\app\Controllers\c_Mahasiswa.php(19): App\Models\m_Mahasiswa->getData()
#5 C:\xampp\htdocs\PPL\Pertemuan3\Hello\system\CodeIgniter.php(934): App\Controllers\c_Mahasiswa->display()
#6 C:\xampp\htdocs\PPL\Pertemuan3\Hello\system\CodeIgniter.php(499): CodeIgniter\CodeIgniter->runController(Object(App\Controllers\c_Mahasiswa))
#7 C:\xampp\htdocs\PPL\Pertemuan3\Hello\system\CodeIgniter.php(368): CodeIgniter\CodeIgniter->handleRequest(NULL, Object(Config\Cache), false)
#8 C:\xampp\htdocs\PPL\Pertemuan3\Hello\public\index.php(67): CodeIgniter\CodeIgniter->run()
#9 C:\xampp\htdocs\PPL\Pertemuan3\Hello\system\Commands\Server\rewrite.php(47): require_once('C:\\xampp\\htdocs...')
#10 {main}

Next CodeIgniter\Database\Exceptions\DatabaseException: No connection could be made because the target machine actively refused it in C:\xampp\htdocs\PPL\Pertemuan3\Hello\system\Database\MySQLi\Connection.php:218
Stack trace:
#0 C:\xampp\htdocs\PPL\Pertemuan3\Hello\system\Database\BaseConnection.php(391): CodeIgniter\Database\MySQLi\Connection->connect(false)
#1 C:\xampp\htdocs\PPL\Pertemuan3\Hello\system\Database\BaseConnection.php(573): CodeIgniter\Database\BaseConnection->initialize()
#2 C:\xampp\htdocs\PPL\Pertemuan3\Hello\app\Models\m_Mahasiswa.php(22): CodeIgniter\Database\BaseConnection->query('SELECT * FROM m...')
#3 C:\xampp\htdocs\PPL\Pertemuan3\Hello\app\Controllers\c_Mahasiswa.php(19): App\Models\m_Mahasiswa->getData()
#4 C:\xampp\htdocs\PPL\Pertemuan3\Hello\system\CodeIgniter.php(934): App\Controllers\c_Mahasiswa->display()
#5 C:\xampp\htdocs\PPL\Pertemuan3\Hello\system\CodeIgniter.php(499): CodeIgniter\CodeIgniter->runController(Object(App\Controllers\c_Mahasiswa))
#6 C:\xampp\htdocs\PPL\Pertemuan3\Hello\system\CodeIgniter.php(368): CodeIgniter\CodeIgniter->handleRequest(NULL, Object(Config\Cache), false)
#7 C:\xampp\htdocs\PPL\Pertemuan3\Hello\public\index.php(67): CodeIgniter\CodeIgniter->run()
#8 C:\xampp\htdocs\PPL\Pertemuan3\Hello\system\Commands\Server\rewrite.php(47): require_once('C:\\xampp\\htdocs...')
#9 {main}
CRITICAL - 2023-02-07 03:51:41 --> Unable to connect to the database.
Main connection [MySQLi]: No connection could be made because the target machine actively refused it
in SYSTEMPATH\Database\BaseConnection.php on line 427.
 1 SYSTEMPATH\Database\BaseConnection.php(573): CodeIgniter\Database\BaseConnection->initialize()
 2 APPPATH\Models\m_Mahasiswa.php(22): CodeIgniter\Database\BaseConnection->query('SELECT * FROM mahasiswa')
 3 APPPATH\Controllers\c_Mahasiswa.php(19): App\Models\m_Mahasiswa->getData()
 4 SYSTEMPATH\CodeIgniter.php(934): App\Controllers\c_Mahasiswa->display()
 5 SYSTEMPATH\CodeIgniter.php(499): CodeIgniter\CodeIgniter->runController(Object(App\Controllers\c_Mahasiswa))
 6 SYSTEMPATH\CodeIgniter.php(368): CodeIgniter\CodeIgniter->handleRequest(null, Object(Config\Cache), false)
 7 FCPATH\index.php(67): CodeIgniter\CodeIgniter->run()
 8 SYSTEMPATH\Commands\Server\rewrite.php(47): require_once('FCPATH\\index.php')
ERROR - 2023-02-07 03:51:49 --> Error connecting to the database: mysqli_sql_exception: No connection could be made because the target machine actively refused it in C:\xampp\htdocs\PPL\Pertemuan3\Hello\system\Database\MySQLi\Connection.php:174
Stack trace:
#0 C:\xampp\htdocs\PPL\Pertemuan3\Hello\system\Database\MySQLi\Connection.php(174): mysqli->real_connect('localhost', 'root', '', 'akademik', 3306, '', 0)
#1 C:\xampp\htdocs\PPL\Pertemuan3\Hello\system\Database\BaseConnection.php(391): CodeIgniter\Database\MySQLi\Connection->connect(false)
#2 C:\xampp\htdocs\PPL\Pertemuan3\Hello\system\Database\BaseConnection.php(573): CodeIgniter\Database\BaseConnection->initialize()
#3 C:\xampp\htdocs\PPL\Pertemuan3\Hello\app\Models\m_Mahasiswa.php(22): CodeIgniter\Database\BaseConnection->query('SELECT * FROM m...')
#4 C:\xampp\htdocs\PPL\Pertemuan3\Hello\app\Controllers\c_Mahasiswa.php(19): App\Models\m_Mahasiswa->getData()
#5 C:\xampp\htdocs\PPL\Pertemuan3\Hello\system\CodeIgniter.php(934): App\Controllers\c_Mahasiswa->display()
#6 C:\xampp\htdocs\PPL\Pertemuan3\Hello\system\CodeIgniter.php(499): CodeIgniter\CodeIgniter->runController(Object(App\Controllers\c_Mahasiswa))
#7 C:\xampp\htdocs\PPL\Pertemuan3\Hello\system\CodeIgniter.php(368): CodeIgniter\CodeIgniter->handleRequest(NULL, Object(Config\Cache), false)
#8 C:\xampp\htdocs\PPL\Pertemuan3\Hello\public\index.php(67): CodeIgniter\CodeIgniter->run()
#9 C:\xampp\htdocs\PPL\Pertemuan3\Hello\system\Commands\Server\rewrite.php(47): require_once('C:\\xampp\\htdocs...')
#10 {main}

Next CodeIgniter\Database\Exceptions\DatabaseException: No connection could be made because the target machine actively refused it in C:\xampp\htdocs\PPL\Pertemuan3\Hello\system\Database\MySQLi\Connection.php:218
Stack trace:
#0 C:\xampp\htdocs\PPL\Pertemuan3\Hello\system\Database\BaseConnection.php(391): CodeIgniter\Database\MySQLi\Connection->connect(false)
#1 C:\xampp\htdocs\PPL\Pertemuan3\Hello\system\Database\BaseConnection.php(573): CodeIgniter\Database\BaseConnection->initialize()
#2 C:\xampp\htdocs\PPL\Pertemuan3\Hello\app\Models\m_Mahasiswa.php(22): CodeIgniter\Database\BaseConnection->query('SELECT * FROM m...')
#3 C:\xampp\htdocs\PPL\Pertemuan3\Hello\app\Controllers\c_Mahasiswa.php(19): App\Models\m_Mahasiswa->getData()
#4 C:\xampp\htdocs\PPL\Pertemuan3\Hello\system\CodeIgniter.php(934): App\Controllers\c_Mahasiswa->display()
#5 C:\xampp\htdocs\PPL\Pertemuan3\Hello\system\CodeIgniter.php(499): CodeIgniter\CodeIgniter->runController(Object(App\Controllers\c_Mahasiswa))
#6 C:\xampp\htdocs\PPL\Pertemuan3\Hello\system\CodeIgniter.php(368): CodeIgniter\CodeIgniter->handleRequest(NULL, Object(Config\Cache), false)
#7 C:\xampp\htdocs\PPL\Pertemuan3\Hello\public\index.php(67): CodeIgniter\CodeIgniter->run()
#8 C:\xampp\htdocs\PPL\Pertemuan3\Hello\system\Commands\Server\rewrite.php(47): require_once('C:\\xampp\\htdocs...')
#9 {main}
CRITICAL - 2023-02-07 03:51:49 --> Unable to connect to the database.
Main connection [MySQLi]: No connection could be made because the target machine actively refused it
in SYSTEMPATH\Database\BaseConnection.php on line 427.
 1 SYSTEMPATH\Database\BaseConnection.php(573): CodeIgniter\Database\BaseConnection->initialize()
 2 APPPATH\Models\m_Mahasiswa.php(22): CodeIgniter\Database\BaseConnection->query('SELECT * FROM mahasiswa')
 3 APPPATH\Controllers\c_Mahasiswa.php(19): App\Models\m_Mahasiswa->getData()
 4 SYSTEMPATH\CodeIgniter.php(934): App\Controllers\c_Mahasiswa->display()
 5 SYSTEMPATH\CodeIgniter.php(499): CodeIgniter\CodeIgniter->runController(Object(App\Controllers\c_Mahasiswa))
 6 SYSTEMPATH\CodeIgniter.php(368): CodeIgniter\CodeIgniter->handleRequest(null, Object(Config\Cache), false)
 7 FCPATH\index.php(67): CodeIgniter\CodeIgniter->run()
 8 SYSTEMPATH\Commands\Server\rewrite.php(47): require_once('FCPATH\\index.php')
ERROR - 2023-02-07 03:52:48 --> Error connecting to the database: mysqli_sql_exception: No connection could be made because the target machine actively refused it in C:\xampp\htdocs\PPL\Pertemuan3\Hello\system\Database\MySQLi\Connection.php:174
Stack trace:
#0 C:\xampp\htdocs\PPL\Pertemuan3\Hello\system\Database\MySQLi\Connection.php(174): mysqli->real_connect('localhost', 'root', '', 'akademik', 3306, '', 0)
#1 C:\xampp\htdocs\PPL\Pertemuan3\Hello\system\Database\BaseConnection.php(391): CodeIgniter\Database\MySQLi\Connection->connect(false)
#2 C:\xampp\htdocs\PPL\Pertemuan3\Hello\system\Database\BaseConnection.php(573): CodeIgniter\Database\BaseConnection->initialize()
#3 C:\xampp\htdocs\PPL\Pertemuan3\Hello\app\Models\m_Mahasiswa.php(16): CodeIgniter\Database\BaseConnection->query('SELECT * FROM m...')
#4 C:\xampp\htdocs\PPL\Pertemuan3\Hello\app\Controllers\c_Mahasiswa.php(19): App\Models\m_Mahasiswa->getData()
#5 C:\xampp\htdocs\PPL\Pertemuan3\Hello\system\CodeIgniter.php(934): App\Controllers\c_Mahasiswa->display()
#6 C:\xampp\htdocs\PPL\Pertemuan3\Hello\system\CodeIgniter.php(499): CodeIgniter\CodeIgniter->runController(Object(App\Controllers\c_Mahasiswa))
#7 C:\xampp\htdocs\PPL\Pertemuan3\Hello\system\CodeIgniter.php(368): CodeIgniter\CodeIgniter->handleRequest(NULL, Object(Config\Cache), false)
#8 C:\xampp\htdocs\PPL\Pertemuan3\Hello\public\index.php(67): CodeIgniter\CodeIgniter->run()
#9 C:\xampp\htdocs\PPL\Pertemuan3\Hello\system\Commands\Server\rewrite.php(47): require_once('C:\\xampp\\htdocs...')
#10 {main}

Next CodeIgniter\Database\Exceptions\DatabaseException: No connection could be made because the target machine actively refused it in C:\xampp\htdocs\PPL\Pertemuan3\Hello\system\Database\MySQLi\Connection.php:218
Stack trace:
#0 C:\xampp\htdocs\PPL\Pertemuan3\Hello\system\Database\BaseConnection.php(391): CodeIgniter\Database\MySQLi\Connection->connect(false)
#1 C:\xampp\htdocs\PPL\Pertemuan3\Hello\system\Database\BaseConnection.php(573): CodeIgniter\Database\BaseConnection->initialize()
#2 C:\xampp\htdocs\PPL\Pertemuan3\Hello\app\Models\m_Mahasiswa.php(16): CodeIgniter\Database\BaseConnection->query('SELECT * FROM m...')
#3 C:\xampp\htdocs\PPL\Pertemuan3\Hello\app\Controllers\c_Mahasiswa.php(19): App\Models\m_Mahasiswa->getData()
#4 C:\xampp\htdocs\PPL\Pertemuan3\Hello\system\CodeIgniter.php(934): App\Controllers\c_Mahasiswa->display()
#5 C:\xampp\htdocs\PPL\Pertemuan3\Hello\system\CodeIgniter.php(499): CodeIgniter\CodeIgniter->runController(Object(App\Controllers\c_Mahasiswa))
#6 C:\xampp\htdocs\PPL\Pertemuan3\Hello\system\CodeIgniter.php(368): CodeIgniter\CodeIgniter->handleRequest(NULL, Object(Config\Cache), false)
#7 C:\xampp\htdocs\PPL\Pertemuan3\Hello\public\index.php(67): CodeIgniter\CodeIgniter->run()
#8 C:\xampp\htdocs\PPL\Pertemuan3\Hello\system\Commands\Server\rewrite.php(47): require_once('C:\\xampp\\htdocs...')
#9 {main}
CRITICAL - 2023-02-07 03:52:48 --> Unable to connect to the database.
Main connection [MySQLi]: No connection could be made because the target machine actively refused it
in SYSTEMPATH\Database\BaseConnection.php on line 427.
 1 SYSTEMPATH\Database\BaseConnection.php(573): CodeIgniter\Database\BaseConnection->initialize()
 2 APPPATH\Models\m_Mahasiswa.php(16): CodeIgniter\Database\BaseConnection->query('SELECT * FROM mahasiswa')
 3 APPPATH\Controllers\c_Mahasiswa.php(19): App\Models\m_Mahasiswa->getData()
 4 SYSTEMPATH\CodeIgniter.php(934): App\Controllers\c_Mahasiswa->display()
 5 SYSTEMPATH\CodeIgniter.php(499): CodeIgniter\CodeIgniter->runController(Object(App\Controllers\c_Mahasiswa))
 6 SYSTEMPATH\CodeIgniter.php(368): CodeIgniter\CodeIgniter->handleRequest(null, Object(Config\Cache), false)
 7 FCPATH\index.php(67): CodeIgniter\CodeIgniter->run()
 8 SYSTEMPATH\Commands\Server\rewrite.php(47): require_once('FCPATH\\index.php')
ERROR - 2023-02-07 03:52:53 --> Error connecting to the database: mysqli_sql_exception: No connection could be made because the target machine actively refused it in C:\xampp\htdocs\PPL\Pertemuan3\Hello\system\Database\MySQLi\Connection.php:174
Stack trace:
#0 C:\xampp\htdocs\PPL\Pertemuan3\Hello\system\Database\MySQLi\Connection.php(174): mysqli->real_connect('localhost', 'root', '', 'akademik', 3306, '', 0)
#1 C:\xampp\htdocs\PPL\Pertemuan3\Hello\system\Database\BaseConnection.php(391): CodeIgniter\Database\MySQLi\Connection->connect(false)
#2 C:\xampp\htdocs\PPL\Pertemuan3\Hello\system\Database\BaseConnection.php(573): CodeIgniter\Database\BaseConnection->initialize()
#3 C:\xampp\htdocs\PPL\Pertemuan3\Hello\app\Models\m_Mahasiswa.php(16): CodeIgniter\Database\BaseConnection->query('SELECT * FROM m...')
#4 C:\xampp\htdocs\PPL\Pertemuan3\Hello\app\Controllers\c_Mahasiswa.php(19): App\Models\m_Mahasiswa->getData()
#5 C:\xampp\htdocs\PPL\Pertemuan3\Hello\system\CodeIgniter.php(934): App\Controllers\c_Mahasiswa->display()
#6 C:\xampp\htdocs\PPL\Pertemuan3\Hello\system\CodeIgniter.php(499): CodeIgniter\CodeIgniter->runController(Object(App\Controllers\c_Mahasiswa))
#7 C:\xampp\htdocs\PPL\Pertemuan3\Hello\system\CodeIgniter.php(368): CodeIgniter\CodeIgniter->handleRequest(NULL, Object(Config\Cache), false)
#8 C:\xampp\htdocs\PPL\Pertemuan3\Hello\public\index.php(67): CodeIgniter\CodeIgniter->run()
#9 C:\xampp\htdocs\PPL\Pertemuan3\Hello\system\Commands\Server\rewrite.php(47): require_once('C:\\xampp\\htdocs...')
#10 {main}

Next CodeIgniter\Database\Exceptions\DatabaseException: No connection could be made because the target machine actively refused it in C:\xampp\htdocs\PPL\Pertemuan3\Hello\system\Database\MySQLi\Connection.php:218
Stack trace:
#0 C:\xampp\htdocs\PPL\Pertemuan3\Hello\system\Database\BaseConnection.php(391): CodeIgniter\Database\MySQLi\Connection->connect(false)
#1 C:\xampp\htdocs\PPL\Pertemuan3\Hello\system\Database\BaseConnection.php(573): CodeIgniter\Database\BaseConnection->initialize()
#2 C:\xampp\htdocs\PPL\Pertemuan3\Hello\app\Models\m_Mahasiswa.php(16): CodeIgniter\Database\BaseConnection->query('SELECT * FROM m...')
#3 C:\xampp\htdocs\PPL\Pertemuan3\Hello\app\Controllers\c_Mahasiswa.php(19): App\Models\m_Mahasiswa->getData()
#4 C:\xampp\htdocs\PPL\Pertemuan3\Hello\system\CodeIgniter.php(934): App\Controllers\c_Mahasiswa->display()
#5 C:\xampp\htdocs\PPL\Pertemuan3\Hello\system\CodeIgniter.php(499): CodeIgniter\CodeIgniter->runController(Object(App\Controllers\c_Mahasiswa))
#6 C:\xampp\htdocs\PPL\Pertemuan3\Hello\system\CodeIgniter.php(368): CodeIgniter\CodeIgniter->handleRequest(NULL, Object(Config\Cache), false)
#7 C:\xampp\htdocs\PPL\Pertemuan3\Hello\public\index.php(67): CodeIgniter\CodeIgniter->run()
#8 C:\xampp\htdocs\PPL\Pertemuan3\Hello\system\Commands\Server\rewrite.php(47): require_once('C:\\xampp\\htdocs...')
#9 {main}
CRITICAL - 2023-02-07 03:52:53 --> Unable to connect to the database.
Main connection [MySQLi]: No connection could be made because the target machine actively refused it
in SYSTEMPATH\Database\BaseConnection.php on line 427.
 1 SYSTEMPATH\Database\BaseConnection.php(573): CodeIgniter\Database\BaseConnection->initialize()
 2 APPPATH\Models\m_Mahasiswa.php(16): CodeIgniter\Database\BaseConnection->query('SELECT * FROM mahasiswa')
 3 APPPATH\Controllers\c_Mahasiswa.php(19): App\Models\m_Mahasiswa->getData()
 4 SYSTEMPATH\CodeIgniter.php(934): App\Controllers\c_Mahasiswa->display()
 5 SYSTEMPATH\CodeIgniter.php(499): CodeIgniter\CodeIgniter->runController(Object(App\Controllers\c_Mahasiswa))
 6 SYSTEMPATH\CodeIgniter.php(368): CodeIgniter\CodeIgniter->handleRequest(null, Object(Config\Cache), false)
 7 FCPATH\index.php(67): CodeIgniter\CodeIgniter->run()
 8 SYSTEMPATH\Commands\Server\rewrite.php(47): require_once('FCPATH\\index.php')
CRITICAL - 2023-02-07 03:53:24 --> Call to undefined function set_value()
in APPPATH\Views\v_inputMahasiswa.php on line 13.
 1 SYSTEMPATH\View\View.php(213): include()
 2 SYSTEMPATH\View\View.php(216): CodeIgniter\View\View->CodeIgniter\View\{closure}()
 3 SYSTEMPATH\Common.php(1177): CodeIgniter\View\View->render('v_inputMahasiswa', [], true)
 4 APPPATH\Controllers\c_Mahasiswa.php(28): view('v_inputMahasiswa')
 5 SYSTEMPATH\CodeIgniter.php(934): App\Controllers\c_Mahasiswa->tambah()
 6 SYSTEMPATH\CodeIgniter.php(499): CodeIgniter\CodeIgniter->runController(Object(App\Controllers\c_Mahasiswa))
 7 SYSTEMPATH\CodeIgniter.php(368): CodeIgniter\CodeIgniter->handleRequest(null, Object(Config\Cache), false)
 8 FCPATH\index.php(67): CodeIgniter\CodeIgniter->run()
 9 SYSTEMPATH\Commands\Server\rewrite.php(47): require_once('FCPATH\\index.php')
CRITICAL - 2023-02-07 03:53:32 --> Call to undefined function set_value()
in APPPATH\Views\v_inputMahasiswa.php on line 13.
 1 SYSTEMPATH\View\View.php(213): include()
 2 SYSTEMPATH\View\View.php(216): CodeIgniter\View\View->CodeIgniter\View\{closure}()
 3 SYSTEMPATH\Common.php(1177): CodeIgniter\View\View->render('v_inputMahasiswa', [], true)
 4 APPPATH\Controllers\c_Mahasiswa.php(28): view('v_inputMahasiswa')
 5 SYSTEMPATH\CodeIgniter.php(934): App\Controllers\c_Mahasiswa->tambah()
 6 SYSTEMPATH\CodeIgniter.php(499): CodeIgniter\CodeIgniter->runController(Object(App\Controllers\c_Mahasiswa))
 7 SYSTEMPATH\CodeIgniter.php(368): CodeIgniter\CodeIgniter->handleRequest(null, Object(Config\Cache), false)
 8 FCPATH\index.php(67): CodeIgniter\CodeIgniter->run()
 9 SYSTEMPATH\Commands\Server\rewrite.php(47): require_once('FCPATH\\index.php')
CRITICAL - 2023-02-07 03:56:28 --> Call to undefined function set_value()
in APPPATH\Views\v_inputMahasiswa.php on line 13.
 1 SYSTEMPATH\View\View.php(213): include()
 2 SYSTEMPATH\View\View.php(216): CodeIgniter\View\View->CodeIgniter\View\{closure}()
 3 SYSTEMPATH\Common.php(1177): CodeIgniter\View\View->render('v_inputMahasiswa', [], true)
 4 APPPATH\Controllers\c_Mahasiswa.php(28): view('v_inputMahasiswa', [...])
 5 SYSTEMPATH\CodeIgniter.php(934): App\Controllers\c_Mahasiswa->tambah()
 6 SYSTEMPATH\CodeIgniter.php(499): CodeIgniter\CodeIgniter->runController(Object(App\Controllers\c_Mahasiswa))
 7 SYSTEMPATH\CodeIgniter.php(368): CodeIgniter\CodeIgniter->handleRequest(null, Object(Config\Cache), false)
 8 FCPATH\index.php(67): CodeIgniter\CodeIgniter->run()
 9 SYSTEMPATH\Commands\Server\rewrite.php(47): require_once('FCPATH\\index.php')
CRITICAL - 2023-02-07 03:56:30 --> Call to undefined function set_value()
in APPPATH\Views\v_inputMahasiswa.php on line 13.
 1 SYSTEMPATH\View\View.php(213): include()
 2 SYSTEMPATH\View\View.php(216): CodeIgniter\View\View->CodeIgniter\View\{closure}()
 3 SYSTEMPATH\Common.php(1177): CodeIgniter\View\View->render('v_inputMahasiswa', [], true)
 4 APPPATH\Controllers\c_Mahasiswa.php(28): view('v_inputMahasiswa', [...])
 5 SYSTEMPATH\CodeIgniter.php(934): App\Controllers\c_Mahasiswa->tambah()
 6 SYSTEMPATH\CodeIgniter.php(499): CodeIgniter\CodeIgniter->runController(Object(App\Controllers\c_Mahasiswa))
 7 SYSTEMPATH\CodeIgniter.php(368): CodeIgniter\CodeIgniter->handleRequest(null, Object(Config\Cache), false)
 8 FCPATH\index.php(67): CodeIgniter\CodeIgniter->run()
 9 SYSTEMPATH\Commands\Server\rewrite.php(47): require_once('FCPATH\\index.php')
CRITICAL - 2023-02-07 03:56:31 --> Call to undefined function set_value()
in APPPATH\Views\v_inputMahasiswa.php on line 13.
 1 SYSTEMPATH\View\View.php(213): include()
 2 SYSTEMPATH\View\View.php(216): CodeIgniter\View\View->CodeIgniter\View\{closure}()
 3 SYSTEMPATH\Common.php(1177): CodeIgniter\View\View->render('v_inputMahasiswa', [], true)
 4 APPPATH\Controllers\c_Mahasiswa.php(28): view('v_inputMahasiswa', [...])
 5 SYSTEMPATH\CodeIgniter.php(934): App\Controllers\c_Mahasiswa->tambah()
 6 SYSTEMPATH\CodeIgniter.php(499): CodeIgniter\CodeIgniter->runController(Object(App\Controllers\c_Mahasiswa))
 7 SYSTEMPATH\CodeIgniter.php(368): CodeIgniter\CodeIgniter->handleRequest(null, Object(Config\Cache), false)
 8 FCPATH\index.php(67): CodeIgniter\CodeIgniter->run()
 9 SYSTEMPATH\Commands\Server\rewrite.php(47): require_once('FCPATH\\index.php')
ERROR - 2023-02-07 04:24:21 --> mysqli_sql_exception: You have an error in your SQL syntax; check the manual that corresponds to your MariaDB server version for the right syntax to use near ''NIM', 'Nama', 'Umur') VALUES '99', 'Nasrullloh', '19')' at line 1 in C:\xampp\htdocs\PPL\Pertemuan3\Hello\system\Database\MySQLi\Connection.php:295
Stack trace:
#0 C:\xampp\htdocs\PPL\Pertemuan3\Hello\system\Database\MySQLi\Connection.php(295): mysqli->query('INSERT INTO mah...', 0)
#1 C:\xampp\htdocs\PPL\Pertemuan3\Hello\system\Database\BaseConnection.php(691): CodeIgniter\Database\MySQLi\Connection->execute('INSERT INTO mah...')
#2 C:\xampp\htdocs\PPL\Pertemuan3\Hello\system\Database\BaseConnection.php(605): CodeIgniter\Database\BaseConnection->simpleQuery('INSERT INTO mah...')
#3 C:\xampp\htdocs\PPL\Pertemuan3\Hello\app\Models\m_Mahasiswa.php(27): CodeIgniter\Database\BaseConnection->query('INSERT INTO mah...')
#4 C:\xampp\htdocs\PPL\Pertemuan3\Hello\app\Controllers\c_Mahasiswa.php(39): App\Models\m_Mahasiswa->simpanData(Array)
#5 C:\xampp\htdocs\PPL\Pertemuan3\Hello\system\CodeIgniter.php(934): App\Controllers\c_Mahasiswa->simpan()
#6 C:\xampp\htdocs\PPL\Pertemuan3\Hello\system\CodeIgniter.php(499): CodeIgniter\CodeIgniter->runController(Object(App\Controllers\c_Mahasiswa))
#7 C:\xampp\htdocs\PPL\Pertemuan3\Hello\system\CodeIgniter.php(368): CodeIgniter\CodeIgniter->handleRequest(NULL, Object(Config\Cache), false)
#8 C:\xampp\htdocs\PPL\Pertemuan3\Hello\public\index.php(67): CodeIgniter\CodeIgniter->run()
#9 C:\xampp\htdocs\PPL\Pertemuan3\Hello\system\Commands\Server\rewrite.php(47): require_once('C:\\xampp\\htdocs...')
#10 {main}
CRITICAL - 2023-02-07 04:24:21 --> You have an error in your SQL syntax; check the manual that corresponds to your MariaDB server version for the right syntax to use near ''NIM', 'Nama', 'Umur') VALUES '99', 'Nasrullloh', '19')' at line 1
in SYSTEMPATH\Database\BaseConnection.php on line 645.
 1 APPPATH\Models\m_Mahasiswa.php(27): CodeIgniter\Database\BaseConnection->query('INSERT INTO mahasiswa (\'NIM\', \'Nama\', \'Umur\') VALUES \'99\', \'Nasrullloh\', \'19\')')
 2 APPPATH\Controllers\c_Mahasiswa.php(39): App\Models\m_Mahasiswa->simpanData([...])
 3 SYSTEMPATH\CodeIgniter.php(934): App\Controllers\c_Mahasiswa->simpan()
 4 SYSTEMPATH\CodeIgniter.php(499): CodeIgniter\CodeIgniter->runController(Object(App\Controllers\c_Mahasiswa))
 5 SYSTEMPATH\CodeIgniter.php(368): CodeIgniter\CodeIgniter->handleRequest(null, Object(Config\Cache), false)
 6 FCPATH\index.php(67): CodeIgniter\CodeIgniter->run()
 7 SYSTEMPATH\Commands\Server\rewrite.php(47): require_once('FCPATH\\index.php')
ERROR - 2023-02-07 04:25:38 --> mysqli_sql_exception: You have an error in your SQL syntax; check the manual that corresponds to your MariaDB server version for the right syntax to use near ''99', 'Nasrullloh', '19')' at line 1 in C:\xampp\htdocs\PPL\Pertemuan3\Hello\system\Database\MySQLi\Connection.php:295
Stack trace:
#0 C:\xampp\htdocs\PPL\Pertemuan3\Hello\system\Database\MySQLi\Connection.php(295): mysqli->query('INSERT INTO mah...', 0)
#1 C:\xampp\htdocs\PPL\Pertemuan3\Hello\system\Database\BaseConnection.php(691): CodeIgniter\Database\MySQLi\Connection->execute('INSERT INTO mah...')
#2 C:\xampp\htdocs\PPL\Pertemuan3\Hello\system\Database\BaseConnection.php(605): CodeIgniter\Database\BaseConnection->simpleQuery('INSERT INTO mah...')
#3 C:\xampp\htdocs\PPL\Pertemuan3\Hello\app\Models\m_Mahasiswa.php(27): CodeIgniter\Database\BaseConnection->query('INSERT INTO mah...')
#4 C:\xampp\htdocs\PPL\Pertemuan3\Hello\app\Controllers\c_Mahasiswa.php(39): App\Models\m_Mahasiswa->simpanData(Array)
#5 C:\xampp\htdocs\PPL\Pertemuan3\Hello\system\CodeIgniter.php(934): App\Controllers\c_Mahasiswa->simpan()
#6 C:\xampp\htdocs\PPL\Pertemuan3\Hello\system\CodeIgniter.php(499): CodeIgniter\CodeIgniter->runController(Object(App\Controllers\c_Mahasiswa))
#7 C:\xampp\htdocs\PPL\Pertemuan3\Hello\system\CodeIgniter.php(368): CodeIgniter\CodeIgniter->handleRequest(NULL, Object(Config\Cache), false)
#8 C:\xampp\htdocs\PPL\Pertemuan3\Hello\public\index.php(67): CodeIgniter\CodeIgniter->run()
#9 C:\xampp\htdocs\PPL\Pertemuan3\Hello\system\Commands\Server\rewrite.php(47): require_once('C:\\xampp\\htdocs...')
#10 {main}
CRITICAL - 2023-02-07 04:25:38 --> You have an error in your SQL syntax; check the manual that corresponds to your MariaDB server version for the right syntax to use near ''99', 'Nasrullloh', '19')' at line 1
in SYSTEMPATH\Database\BaseConnection.php on line 645.
 1 APPPATH\Models\m_Mahasiswa.php(27): CodeIgniter\Database\BaseConnection->query('INSERT INTO mahasiswa (NIM, Nama, Umur) VALUES \'99\', \'Nasrullloh\', \'19\')')
 2 APPPATH\Controllers\c_Mahasiswa.php(39): App\Models\m_Mahasiswa->simpanData([...])
 3 SYSTEMPATH\CodeIgniter.php(934): App\Controllers\c_Mahasiswa->simpan()
 4 SYSTEMPATH\CodeIgniter.php(499): CodeIgniter\CodeIgniter->runController(Object(App\Controllers\c_Mahasiswa))
 5 SYSTEMPATH\CodeIgniter.php(368): CodeIgniter\CodeIgniter->handleRequest(null, Object(Config\Cache), false)
 6 FCPATH\index.php(67): CodeIgniter\CodeIgniter->run()
 7 SYSTEMPATH\Commands\Server\rewrite.php(47): require_once('FCPATH\\index.php')
ERROR - 2023-02-07 04:25:54 --> mysqli_sql_exception: You have an error in your SQL syntax; check the manual that corresponds to your MariaDB server version for the right syntax to use near ''Umur') VALUES '99', 'Nasrullloh', '19')' at line 1 in C:\xampp\htdocs\PPL\Pertemuan3\Hello\system\Database\MySQLi\Connection.php:295
Stack trace:
#0 C:\xampp\htdocs\PPL\Pertemuan3\Hello\system\Database\MySQLi\Connection.php(295): mysqli->query('INSERT INTO mah...', 0)
#1 C:\xampp\htdocs\PPL\Pertemuan3\Hello\system\Database\BaseConnection.php(691): CodeIgniter\Database\MySQLi\Connection->execute('INSERT INTO mah...')
#2 C:\xampp\htdocs\PPL\Pertemuan3\Hello\system\Database\BaseConnection.php(605): CodeIgniter\Database\BaseConnection->simpleQuery('INSERT INTO mah...')
#3 C:\xampp\htdocs\PPL\Pertemuan3\Hello\app\Models\m_Mahasiswa.php(27): CodeIgniter\Database\BaseConnection->query('INSERT INTO mah...')
#4 C:\xampp\htdocs\PPL\Pertemuan3\Hello\app\Controllers\c_Mahasiswa.php(39): App\Models\m_Mahasiswa->simpanData(Array)
#5 C:\xampp\htdocs\PPL\Pertemuan3\Hello\system\CodeIgniter.php(934): App\Controllers\c_Mahasiswa->simpan()
#6 C:\xampp\htdocs\PPL\Pertemuan3\Hello\system\CodeIgniter.php(499): CodeIgniter\CodeIgniter->runController(Object(App\Controllers\c_Mahasiswa))
#7 C:\xampp\htdocs\PPL\Pertemuan3\Hello\system\CodeIgniter.php(368): CodeIgniter\CodeIgniter->handleRequest(NULL, Object(Config\Cache), false)
#8 C:\xampp\htdocs\PPL\Pertemuan3\Hello\public\index.php(67): CodeIgniter\CodeIgniter->run()
#9 C:\xampp\htdocs\PPL\Pertemuan3\Hello\system\Commands\Server\rewrite.php(47): require_once('C:\\xampp\\htdocs...')
#10 {main}
CRITICAL - 2023-02-07 04:25:54 --> You have an error in your SQL syntax; check the manual that corresponds to your MariaDB server version for the right syntax to use near ''Umur') VALUES '99', 'Nasrullloh', '19')' at line 1
in SYSTEMPATH\Database\BaseConnection.php on line 645.
 1 APPPATH\Models\m_Mahasiswa.php(27): CodeIgniter\Database\BaseConnection->query('INSERT INTO mahasiswa (NIM, Nama, \'Umur\') VALUES \'99\', \'Nasrullloh\', \'19\')')
 2 APPPATH\Controllers\c_Mahasiswa.php(39): App\Models\m_Mahasiswa->simpanData([...])
 3 SYSTEMPATH\CodeIgniter.php(934): App\Controllers\c_Mahasiswa->simpan()
 4 SYSTEMPATH\CodeIgniter.php(499): CodeIgniter\CodeIgniter->runController(Object(App\Controllers\c_Mahasiswa))
 5 SYSTEMPATH\CodeIgniter.php(368): CodeIgniter\CodeIgniter->handleRequest(null, Object(Config\Cache), false)
 6 FCPATH\index.php(67): CodeIgniter\CodeIgniter->run()
 7 SYSTEMPATH\Commands\Server\rewrite.php(47): require_once('FCPATH\\index.php')
ERROR - 2023-02-07 04:28:59 --> mysqli_sql_exception: Duplicate entry '991' for key 'PRIMARY' in C:\xampp\htdocs\PPL\Pertemuan3\Hello\system\Database\MySQLi\Connection.php:295
Stack trace:
#0 C:\xampp\htdocs\PPL\Pertemuan3\Hello\system\Database\MySQLi\Connection.php(295): mysqli->query('INSERT INTO mah...', 0)
#1 C:\xampp\htdocs\PPL\Pertemuan3\Hello\system\Database\BaseConnection.php(691): CodeIgniter\Database\MySQLi\Connection->execute('INSERT INTO mah...')
#2 C:\xampp\htdocs\PPL\Pertemuan3\Hello\system\Database\BaseConnection.php(605): CodeIgniter\Database\BaseConnection->simpleQuery('INSERT INTO mah...')
#3 C:\xampp\htdocs\PPL\Pertemuan3\Hello\app\Models\m_Mahasiswa.php(27): CodeIgniter\Database\BaseConnection->query('INSERT INTO mah...')
#4 C:\xampp\htdocs\PPL\Pertemuan3\Hello\app\Controllers\c_Mahasiswa.php(39): App\Models\m_Mahasiswa->simpanData(Array)
#5 C:\xampp\htdocs\PPL\Pertemuan3\Hello\system\CodeIgniter.php(934): App\Controllers\c_Mahasiswa->simpan()
#6 C:\xampp\htdocs\PPL\Pertemuan3\Hello\system\CodeIgniter.php(499): CodeIgniter\CodeIgniter->runController(Object(App\Controllers\c_Mahasiswa))
#7 C:\xampp\htdocs\PPL\Pertemuan3\Hello\system\CodeIgniter.php(368): CodeIgniter\CodeIgniter->handleRequest(NULL, Object(Config\Cache), false)
#8 C:\xampp\htdocs\PPL\Pertemuan3\Hello\public\index.php(67): CodeIgniter\CodeIgniter->run()
#9 C:\xampp\htdocs\PPL\Pertemuan3\Hello\system\Commands\Server\rewrite.php(47): require_once('C:\\xampp\\htdocs...')
#10 {main}
CRITICAL - 2023-02-07 04:28:59 --> Duplicate entry '991' for key 'PRIMARY'
in SYSTEMPATH\Database\BaseConnection.php on line 645.
 1 APPPATH\Models\m_Mahasiswa.php(27): CodeIgniter\Database\BaseConnection->query('INSERT INTO mahasiswa (NIM, Nama, Umur) VALUES (\'991\', \'Nasrullloh\', \'19\')')
 2 APPPATH\Controllers\c_Mahasiswa.php(39): App\Models\m_Mahasiswa->simpanData([...])
 3 SYSTEMPATH\CodeIgniter.php(934): App\Controllers\c_Mahasiswa->simpan()
 4 SYSTEMPATH\CodeIgniter.php(499): CodeIgniter\CodeIgniter->runController(Object(App\Controllers\c_Mahasiswa))
 5 SYSTEMPATH\CodeIgniter.php(368): CodeIgniter\CodeIgniter->handleRequest(null, Object(Config\Cache), false)
 6 FCPATH\index.php(67): CodeIgniter\CodeIgniter->run()
 7 SYSTEMPATH\Commands\Server\rewrite.php(47): require_once('FCPATH\\index.php')
CRITICAL - 2023-02-07 07:26:05 --> Maximum execution time of 60 seconds exceeded
in SYSTEMPATH\View\View.php on line 259.
 1 [internal function]: CodeIgniter\Debug\Exceptions->shutdownHandler()
CRITICAL - 2023-02-07 07:26:46 --> Invalid file: "v_informasi.php"
in SYSTEMPATH\Exceptions\FrameworkException.php on line 33.
 1 SYSTEMPATH\View\View.php(201): CodeIgniter\Exceptions\FrameworkException::forInvalidFile('v_informasi.php')
 2 SYSTEMPATH\Common.php(1177): CodeIgniter\View\View->render('v_informasi', [], true)
 3 APPPATH\Controllers\c_info.php(10): view('v_informasi')
 4 SYSTEMPATH\CodeIgniter.php(934): App\Controllers\c_info->info()
 5 SYSTEMPATH\CodeIgniter.php(499): CodeIgniter\CodeIgniter->runController(Object(App\Controllers\c_info))
 6 SYSTEMPATH\CodeIgniter.php(368): CodeIgniter\CodeIgniter->handleRequest(null, Object(Config\Cache), false)
 7 FCPATH\index.php(67): CodeIgniter\CodeIgniter->run()
 8 SYSTEMPATH\Commands\Server\rewrite.php(47): require_once('FCPATH\\index.php')
